2024-12-11 19:39:09,976 [INFO] Logging system initialiseret
2024-12-11 19:40:33,234 [INFO] Logging system initialiseret
2024-12-11 19:40:33,235 [INFO] === Applikation starter ===
2024-12-11 19:40:33,235 [INFO] Initialiserer ModernRIOMenu
2024-12-11 19:40:33,481 [INFO] ModernRIOMenu initialiseret succesfuldt
2024-12-11 19:40:39,413 [INFO] Bruger klikkede på knap: Chauffører
2024-12-11 19:40:40,978 [INFO] Initialiserer GroupWindow
2024-12-11 19:40:41,426 [INFO] GroupWindow initialiseret succesfuldt
2024-12-11 19:40:46,844 [INFO] Starter oprettelse af ny gruppe
2024-12-11 19:40:51,877 [INFO] Bruger indtastede gruppe navn: Sverige
2024-12-11 19:40:51,904 [INFO] Åbner chauffør vælger dialog
2024-12-11 19:40:51,938 [ERROR] Fejl ved oprettelse af gruppe dialog: no such table: chauffør_data
2024-12-11 19:41:01,943 [INFO] Starter nedlukning af applikation
2024-12-11 19:41:02,054 [INFO] Applikation lukket succesfuldt
2024-12-11 19:41:05,699 [INFO] === Applikation lukker normalt ===
2024-12-11 19:42:20,252 [INFO] Logging system initialiseret
2024-12-11 19:42:20,254 [INFO] === Applikation starter ===
2024-12-11 19:42:20,256 [INFO] Initialiserer ModernRIOMenu
2024-12-11 19:42:20,516 [INFO] ModernRIOMenu initialiseret succesfuldt
2024-12-11 19:42:27,561 [INFO] Bruger klikkede på knap: Chauffører
2024-12-11 19:42:41,722 [INFO] Initialiserer GroupWindow
2024-12-11 19:42:41,761 [INFO] GroupWindow initialiseret succesfuldt
2024-12-11 19:42:45,448 [INFO] Starter oprettelse af ny gruppe
2024-12-11 19:42:51,219 [INFO] Bruger indtastede gruppe navn: Sverige
2024-12-11 19:42:51,223 [INFO] Åbner chauffør vælger dialog
2024-12-11 19:42:51,223 [INFO] Initialiserer DriverSelectionDialog
2024-12-11 19:42:51,308 [INFO] Starter indlæsning af chauffører
2024-12-11 19:42:51,308 [INFO] Læser fra database: databases\chauffør_data_april_2024.db
2024-12-11 19:42:51,311 [INFO] Læser fra database: databases\chauffør_data_august_2023.db
2024-12-11 19:42:51,312 [INFO] Læser fra database: databases\chauffør_data_august_2024.db
2024-12-11 19:42:51,312 [INFO] Læser fra database: databases\chauffør_data_december_2023.db
2024-12-11 19:42:51,314 [INFO] Læser fra database: databases\chauffør_data_februar_2024.db
2024-12-11 19:42:51,315 [INFO] Læser fra database: databases\chauffør_data_januar_2024.db
2024-12-11 19:42:51,317 [INFO] Læser fra database: databases\chauffør_data_juli_2023.db
2024-12-11 19:42:51,318 [INFO] Læser fra database: databases\chauffør_data_juli_2024.db
2024-12-11 19:42:51,318 [INFO] Læser fra database: databases\chauffør_data_juni_2023.db
2024-12-11 19:42:51,320 [INFO] Læser fra database: databases\chauffør_data_juni_2024.db
2024-12-11 19:42:51,322 [INFO] Læser fra database: databases\chauffør_data_maj_2023.db
2024-12-11 19:42:51,322 [INFO] Læser fra database: databases\chauffør_data_maj_2024.db
2024-12-11 19:42:51,322 [INFO] Læser fra database: databases\chauffør_data_marts_2024.db
2024-12-11 19:42:51,322 [INFO] Læser fra database: databases\chauffør_data_november_2023.db
2024-12-11 19:42:51,322 [INFO] Læser fra database: databases\chauffør_data_november_2024.db
2024-12-11 19:42:51,322 [INFO] Læser fra database: databases\chauffør_data_oktober_2023.db
2024-12-11 19:42:51,329 [INFO] Læser fra database: databases\chauffør_data_oktober_2024.db
2024-12-11 19:42:51,330 [INFO] Læser fra database: databases\chauffør_data_september_2023.db
2024-12-11 19:42:51,332 [INFO] Læser fra database: databases\chauffør_data_september_2024.db
2024-12-11 19:42:51,332 [INFO] Fandt 56 tilgængelige chauffører
2024-12-11 19:42:51,576 [INFO] DriverSelectionDialog initialiseret succesfuldt
2024-12-11 19:43:11,926 [INFO] Valgte chauffører: ['Andersen, Kent René', 'Christiansen, Michael', 'Luther, Michael', 'Nielsen, Hannibal Carl Leen', 'Nielsen, Henrik Nilaus']
2024-12-11 19:43:11,937 [INFO] Oprettet gruppe med ID: 1
2024-12-11 19:43:11,945 [INFO] Gruppe og medlemmer gemt i database
2024-12-11 19:43:12,169 [INFO] UI opdateret med ny gruppe
2024-12-11 19:43:35,863 [INFO] Bruger klikkede på knap: Rapporter
2024-12-11 19:43:49,997 [INFO] Initialiserer WordReportGenerator med database: databases\chauffør_data_november_2024.db
2024-12-11 19:43:49,997 [INFO] Minimum kilometer sat til: 100.0
2024-12-11 19:43:50,030 [INFO] Starter generering af gruppe rapport for: Sverige
2024-12-11 19:43:50,030 [INFO] Fandt 5 medlemmer i gruppen
2024-12-11 19:43:50,030 [INFO] Henter kvalificerede chauffører fra databasen
2024-12-11 19:43:50,030 [INFO] Fandt 24 kvalificerede chauffører
2024-12-11 19:43:53,562 [INFO] Starter nedlukning af applikation
2024-12-11 19:43:53,719 [INFO] Applikation lukket succesfuldt
2024-12-11 19:43:53,727 [INFO] === Applikation lukker normalt ===
